# JRE version: OpenJDK Runtime Environment (8.0_412-b08) (build 1.8.0_412-b08)
# Java VM: OpenJDK 64-Bit Server VM (25.412-b08 mixed mode windows-amd64 compressed oops)
Heap:
 PSYoungGen      total 435200K, used 103908K [0x000000076c380000, 0x0000000795900000, 0x00000007c0000000)
  eden space 331264K, 0% used [0x000000076c380000,0x000000076c380000,0x0000000780700000)
  from space 103936K, 99% used [0x0000000780700000,0x0000000786c791f0,0x0000000786c80000)
  to   space 128000K, 0% used [0x000000078dc00000,0x000000078dc00000,0x0000000795900000)
 ParOldGen       total 217600K, used 183499K [0x00000006c4a00000, 0x00000006d1e80000, 0x000000076c380000)
  object space 217600K, 84% used [0x00000006c4a00000,0x00000006cfd32ed8,0x00000006d1e80000)
 Metaspace       used 72625K, capacity 86387K, committed 86488K, reserved 1122304K
  class space    used 10789K, capacity 12983K, committed 13056K, reserved 1048576K
GC Heap History (10 events):
Event: 11.674 GC heap after
Heap after GC invocations=14 (full 3):
 PSYoungGen      total 283136K, used 41460K [0x000000076c380000, 0x0000000784f00000, 0x00000007c0000000)
  eden space 241664K, 0% used [0x000000076c380000,0x000000076c380000,0x000000077af80000)
  from space 41472K, 99% used [0x000000077af80000,0x000000077d7fd180,0x000000077d800000)
  to   space 55808K, 0% used [0x0000000781880000,0x0000000781880000,0x0000000784f00000)
 ParOldGen       total 217600K, used 87748K [0x00000006c4a00000, 0x00000006d1e80000, 0x000000076c380000)
  object space 217600K, 40% used [0x00000006c4a00000,0x00000006c9fb1130,0x00000006d1e80000)
 Metaspace       used 72525K, capacity 86245K, committed 86488K, reserved 1122304K
  class space    used 10769K, capacity 12966K, committed 13056K, reserved 1048576K
}
Event: 12.743 GC heap before
{Heap before GC invocations=15 (full 3):
 PSYoungGen      total 283136K, used 283124K [0x000000076c380000, 0x0000000784f00000, 0x00000007c0000000)
  eden space 241664K, 100% used [0x000000076c380000,0x000000077af80000,0x000000077af80000)
  from space 41472K, 99% used [0x000000077af80000,0x000000077d7fd180,0x000000077d800000)
  to   space 55808K, 0% used [0x0000000781880000,0x0000000781880000,0x0000000784f00000)
 ParOldGen       total 217600K, used 87748K [0x00000006c4a00000, 0x00000006d1e80000, 0x000000076c380000)
  object space 217600K, 40% used [0x00000006c4a00000,0x00000006c9fb1130,0x00000006d1e80000)
 Metaspace       used 72525K, capacity 86245K, committed 86488K, reserved 1122304K
  class space    used 10769K, capacity 12966K, committed 13056K, reserved 1048576K
Event: 12.772 GC heap after
Heap after GC invocations=15 (full 3):
 PSYoungGen      total 331776K, used 55789K [0x000000076c380000, 0x0000000787600000, 0x00000007c0000000)
  eden space 275968K, 0% used [0x000000076c380000,0x000000076c380000,0x000000077d100000)
  from space 55808K, 99% used [0x0000000781880000,0x0000000784efb700,0x0000000784f00000)
  to   space 73216K, 0% used [0x000000077d100000,0x000000077d100000,0x0000000781880000)
 ParOldGen       total 217600K, used 109902K [0x00000006c4a00000, 0x00000006d1e80000, 0x000000076c380000)
  object space 217600K, 50% used [0x00000006c4a00000,0x00000006cb553870,0x00000006d1e80000)
 Metaspace       used 72525K, capacity 86245K, committed 86488K, reserved 1122304K
  class space    used 10769K, capacity 12966K, committed 13056K, reserved 1048576K
}
Event: 14.376 GC heap before
{Heap before GC invocations=16 (full 3):
 PSYoungGen      total 331776K, used 331757K [0x000000076c380000, 0x0000000787600000, 0x00000007c0000000)
  eden space 275968K, 100% used [0x000000076c380000,0x000000077d100000,0x000000077d100000)
  from space 55808K, 99% used [0x0000000781880000,0x0000000784efb700,0x0000000784f00000)
  to   space 73216K, 0% used [0x000000077d100000,0x000000077d100000,0x0000000781880000)
 ParOldGen       total 217600K, used 109902K [0x00000006c4a00000, 0x00000006d1e80000, 0x000000076c380000)
  object space 217600K, 50% used [0x00000006c4a00000,0x00000006cb553870,0x00000006d1e80000)
 Metaspace       used 72532K, capacity 86247K, committed 86488K, reserved 1122304K
  class space    used 10770K, capacity 12967K, committed 13056K, reserved 1048576K
Event: 14.409 GC heap after
Heap after GC invocations=16 (full 3):
 PSYoungGen      total 349184K, used 73197K [0x000000076c380000, 0x000000078c800000, 0x00000007c0000000)
  eden space 275968K, 0% used [0x000000076c380000,0x000000076c380000,0x000000077d100000)
  from space 73216K, 99% used [0x000000077d100000,0x000000078187b7b8,0x0000000781880000)
  to   space 93696K, 0% used [0x0000000786c80000,0x0000000786c80000,0x000000078c800000)
 ParOldGen       total 217600K, used 132431K [0x00000006c4a00000, 0x00000006d1e80000, 0x000000076c380000)
  object space 217600K, 60% used [0x00000006c4a00000,0x00000006ccb53f58,0x00000006d1e80000)
 Metaspace       used 72532K, capacity 86247K, committed 86488K, reserved 1122304K
  class space    used 10770K, capacity 12967K, committed 13056K, reserved 1048576K
}
Event: 15.378 GC heap before
{Heap before GC invocations=17 (full 3):
 PSYoungGen      total 349184K, used 349165K [0x000000076c380000, 0x000000078c800000, 0x00000007c0000000)
  eden space 275968K, 100% used [0x000000076c380000,0x000000077d100000,0x000000077d100000)
  from space 73216K, 99% used [0x000000077d100000,0x000000078187b7b8,0x0000000781880000)
  to   space 93696K, 0% used [0x0000000786c80000,0x0000000786c80000,0x000000078c800000)
 ParOldGen       total 217600K, used 132434K [0x00000006c4a00000, 0x00000006d1e80000, 0x000000076c380000)
  object space 217600K, 60% used [0x00000006c4a00000,0x00000006ccb54938,0x00000006d1e80000)
 Metaspace       used 72551K, capacity 86287K, committed 86488K, reserved 1122304K
  class space    used 10775K, capacity 12975K, committed 13056K, reserved 1048576K
Event: 15.420 GC heap after
Heap after GC invocations=17 (full 3):
 PSYoungGen      total 424960K, used 78623K [0x000000076c380000, 0x000000078e600000, 0x00000007c0000000)
  eden space 331264K, 0% used [0x000000076c380000,0x000000076c380000,0x0000000780700000)
  from space 93696K, 83% used [0x0000000786c80000,0x000000078b947f80,0x000000078c800000)
  to   space 103936K, 0% used [0x0000000780700000,0x0000000780700000,0x0000000786c80000)
 ParOldGen       total 217600K, used 165467K [0x00000006c4a00000, 0x00000006d1e80000, 0x000000076c380000)
  object space 217600K, 76% used [0x00000006c4a00000,0x00000006ceb96d00,0x00000006d1e80000)
 Metaspace       used 72551K, capacity 86287K, committed 86488K, reserved 1122304K
  class space    used 10775K, capacity 12975K, committed 13056K, reserved 1048576K
}
Event: 17.154 GC heap before
{Heap before GC invocations=18 (full 3):
 PSYoungGen      total 424960K, used 409887K [0x000000076c380000, 0x000000078e600000, 0x00000007c0000000)
  eden space 331264K, 100% used [0x000000076c380000,0x0000000780700000,0x0000000780700000)
  from space 93696K, 83% used [0x0000000786c80000,0x000000078b947f80,0x000000078c800000)
  to   space 103936K, 0% used [0x0000000780700000,0x0000000780700000,0x0000000786c80000)
 ParOldGen       total 217600K, used 165469K [0x00000006c4a00000, 0x00000006d1e80000, 0x000000076c380000)
  object space 217600K, 76% used [0x00000006c4a00000,0x00000006ceb97470,0x00000006d1e80000)
 Metaspace       used 72625K, capacity 86387K, committed 86488K, reserved 1122304K
  class space    used 10789K, capacity 12983K, committed 13056K, reserved 1048576K
Event: 17.194 GC heap after
Heap after GC invocations=18 (full 3):
 PSYoungGen      total 435200K, used 103908K [0x000000076c380000, 0x0000000795900000, 0x00000007c0000000)
  eden space 331264K, 0% used [0x000000076c380000,0x000000076c380000,0x0000000780700000)
  from space 103936K, 99% used [0x0000000780700000,0x0000000786c791f0,0x0000000786c80000)
  to   space 128000K, 0% used [0x000000078dc00000,0x000000078dc00000,0x0000000795900000)
 ParOldGen       total 217600K, used 183499K [0x00000006c4a00000, 0x00000006d1e80000, 0x000000076c380000)
  object space 217600K, 84% used [0x00000006c4a00000,0x00000006cfd32ed8,0x00000006d1e80000)
 Metaspace       used 72625K, capacity 86387K, committed 86488K, reserved 1122304K
  class space    used 10789K, capacity 12983K, committed 13056K, reserved 1048576K
}
Event: 17.194 GC heap before
{Heap before GC invocations=19 (full 4):
 PSYoungGen      total 435200K, used 103908K [0x000000076c380000, 0x0000000795900000, 0x00000007c0000000)
  eden space 331264K, 0% used [0x000000076c380000,0x000000076c380000,0x0000000780700000)
  from space 103936K, 99% used [0x0000000780700000,0x0000000786c791f0,0x0000000786c80000)
  to   space 128000K, 0% used [0x000000078dc00000,0x000000078dc00000,0x0000000795900000)
 ParOldGen       total 217600K, used 183499K [0x00000006c4a00000, 0x00000006d1e80000, 0x000000076c380000)
  object space 217600K, 84% used [0x00000006c4a00000,0x00000006cfd32ed8,0x00000006d1e80000)
 Metaspace       used 72625K, capacity 86387K, committed 86488K, reserved 1122304K
  class space    used 10789K, capacity 12983K, committed 13056K, reserved 1048576K

