# JRE version: OpenJDK Runtime Environment (8.0_412-b08) (build 1.8.0_412-b08)
# Java VM: OpenJDK 64-Bit Server VM (25.412-b08 mixed mode windows-amd64 compressed oops)
Heap:
 PSYoungGen      total 915456K, used 203763K [0x000000076c380000, 0x00000007c0000000, 0x00000007c0000000)
  eden space 458240K, 0% used [0x000000076c380000,0x000000076c380000,0x0000000788300000)
  from space 457216K, 44% used [0x0000000788300000,0x00000007949fcf98,0x00000007a4180000)
  to   space 457216K, 0% used [0x00000007a4180000,0x00000007a4180000,0x00000007c0000000)
 ParOldGen       total 2057216K, used 1903787K [0x00000006c4a00000, 0x0000000742300000, 0x000000076c380000)
  object space 2057216K, 92% used [0x00000006c4a00000,0x0000000738d2ada8,0x0000000742300000)
 Metaspace       used 66927K, capacity 72844K, committed 83840K, reserved 1120256K
  class space    used 9191K, capacity 10211K, committed 12672K, reserved 1048576K
GC Heap History (10 events):
Event: 91.512 GC heap after
Heap after GC invocations=41 (full 8):
 PSYoungGen      total 952832K, used 409208K [0x000000076c380000, 0x00000007c0000000, 0x00000007c0000000)
  eden space 543232K, 0% used [0x000000076c380000,0x000000076c380000,0x000000078d600000)
  from space 409600K, 99% used [0x000000078d600000,0x00000007a659e260,0x00000007a6600000)
  to   space 419840K, 0% used [0x00000007a6600000,0x00000007a6600000,0x00000007c0000000)
 ParOldGen       total 2057216K, used 1485659K [0x00000006c4a00000, 0x0000000742300000, 0x000000076c380000)
  object space 2057216K, 72% used [0x00000006c4a00000,0x000000071f4d6fe0,0x0000000742300000)
 Metaspace       used 66927K, capacity 72844K, committed 83840K, reserved 1120256K
  class space    used 9191K, capacity 10211K, committed 12672K, reserved 1048576K
}
Event: 94.412 GC heap before
{Heap before GC invocations=42 (full 8):
 PSYoungGen      total 952832K, used 952440K [0x000000076c380000, 0x00000007c0000000, 0x00000007c0000000)
  eden space 543232K, 100% used [0x000000076c380000,0x000000078d600000,0x000000078d600000)
  from space 409600K, 99% used [0x000000078d600000,0x00000007a659e260,0x00000007a6600000)
  to   space 419840K, 0% used [0x00000007a6600000,0x00000007a6600000,0x00000007c0000000)
 ParOldGen       total 2057216K, used 1485659K [0x00000006c4a00000, 0x0000000742300000, 0x000000076c380000)
  object space 2057216K, 72% used [0x00000006c4a00000,0x000000071f4d6fe0,0x0000000742300000)
 Metaspace       used 66927K, capacity 72844K, committed 83840K, reserved 1120256K
  class space    used 9191K, capacity 10211K, committed 12672K, reserved 1048576K
Event: 94.542 GC heap after
Heap after GC invocations=42 (full 8):
 PSYoungGen      total 878080K, used 419834K [0x000000076c380000, 0x00000007c0000000, 0x00000007c0000000)
  eden space 458240K, 0% used [0x000000076c380000,0x000000076c380000,0x0000000788300000)
  from space 419840K, 99% used [0x00000007a6600000,0x00000007bfffe8e0,0x00000007c0000000)
  to   space 457216K, 0% used [0x0000000788300000,0x0000000788300000,0x00000007a4180000)
 ParOldGen       total 2057216K, used 1532884K [0x00000006c4a00000, 0x0000000742300000, 0x000000076c380000)
  object space 2057216K, 74% used [0x00000006c4a00000,0x00000007222f51d0,0x0000000742300000)
 Metaspace       used 66927K, capacity 72844K, committed 83840K, reserved 1120256K
  class space    used 9191K, capacity 10211K, committed 12672K, reserved 1048576K
}
Event: 96.380 GC heap before
{Heap before GC invocations=43 (full 8):
 PSYoungGen      total 878080K, used 878074K [0x000000076c380000, 0x00000007c0000000, 0x00000007c0000000)
  eden space 458240K, 100% used [0x000000076c380000,0x0000000788300000,0x0000000788300000)
  from space 419840K, 99% used [0x00000007a6600000,0x00000007bfffe8e0,0x00000007c0000000)
  to   space 457216K, 0% used [0x0000000788300000,0x0000000788300000,0x00000007a4180000)
 ParOldGen       total 2057216K, used 1532892K [0x00000006c4a00000, 0x0000000742300000, 0x000000076c380000)
  object space 2057216K, 74% used [0x00000006c4a00000,0x00000007222f71e0,0x0000000742300000)
 Metaspace       used 66927K, capacity 72844K, committed 83840K, reserved 1120256K
  class space    used 9191K, capacity 10211K, committed 12672K, reserved 1048576K
Event: 96.520 GC heap after
Heap after GC invocations=43 (full 8):
 PSYoungGen      total 915456K, used 344516K [0x000000076c380000, 0x00000007c0000000, 0x00000007c0000000)
  eden space 458240K, 0% used [0x000000076c380000,0x000000076c380000,0x0000000788300000)
  from space 457216K, 75% used [0x0000000788300000,0x000000079d371138,0x00000007a4180000)
  to   space 457216K, 0% used [0x00000007a4180000,0x00000007a4180000,0x00000007c0000000)
 ParOldGen       total 2057216K, used 1660364K [0x00000006c4a00000, 0x0000000742300000, 0x000000076c380000)
  object space 2057216K, 80% used [0x00000006c4a00000,0x0000000729f731e0,0x0000000742300000)
 Metaspace       used 66927K, capacity 72844K, committed 83840K, reserved 1120256K
  class space    used 9191K, capacity 10211K, committed 12672K, reserved 1048576K
}
Event: 98.218 GC heap before
{Heap before GC invocations=44 (full 8):
 PSYoungGen      total 915456K, used 802756K [0x000000076c380000, 0x00000007c0000000, 0x00000007c0000000)
  eden space 458240K, 100% used [0x000000076c380000,0x0000000788300000,0x0000000788300000)
  from space 457216K, 75% used [0x0000000788300000,0x000000079d371138,0x00000007a4180000)
  to   space 457216K, 0% used [0x00000007a4180000,0x00000007a4180000,0x00000007c0000000)
 ParOldGen       total 2057216K, used 1660371K [0x00000006c4a00000, 0x0000000742300000, 0x000000076c380000)
  object space 2057216K, 80% used [0x00000006c4a00000,0x0000000729f74da8,0x0000000742300000)
 Metaspace       used 66927K, capacity 72844K, committed 83840K, reserved 1120256K
  class space    used 9191K, capacity 10211K, committed 12672K, reserved 1048576K
Event: 98.354 GC heap after
Heap after GC invocations=44 (full 8):
 PSYoungGen      total 915456K, used 270438K [0x000000076c380000, 0x00000007c0000000, 0x00000007c0000000)
  eden space 458240K, 0% used [0x000000076c380000,0x000000076c380000,0x0000000788300000)
  from space 457216K, 59% used [0x00000007a4180000,0x00000007b4999828,0x00000007c0000000)
  to   space 457216K, 0% used [0x0000000788300000,0x0000000788300000,0x00000007a4180000)
 ParOldGen       total 2057216K, used 1786259K [0x00000006c4a00000, 0x0000000742300000, 0x000000076c380000)
  object space 2057216K, 86% used [0x00000006c4a00000,0x0000000731a64da8,0x0000000742300000)
 Metaspace       used 66927K, capacity 72844K, committed 83840K, reserved 1120256K
  class space    used 9191K, capacity 10211K, committed 12672K, reserved 1048576K
}
Event: 100.573 GC heap before
{Heap before GC invocations=45 (full 8):
 PSYoungGen      total 915456K, used 728678K [0x000000076c380000, 0x00000007c0000000, 0x00000007c0000000)
  eden space 458240K, 100% used [0x000000076c380000,0x0000000788300000,0x0000000788300000)
  from space 457216K, 59% used [0x00000007a4180000,0x00000007b4999828,0x00000007c0000000)
  to   space 457216K, 0% used [0x0000000788300000,0x0000000788300000,0x00000007a4180000)
 ParOldGen       total 2057216K, used 1786259K [0x00000006c4a00000, 0x0000000742300000, 0x000000076c380000)
  object space 2057216K, 86% used [0x00000006c4a00000,0x0000000731a64da8,0x0000000742300000)
 Metaspace       used 66927K, capacity 72844K, committed 83840K, reserved 1120256K
  class space    used 9191K, capacity 10211K, committed 12672K, reserved 1048576K
Event: 100.688 GC heap after
Heap after GC invocations=45 (full 8):
 PSYoungGen      total 915456K, used 203763K [0x000000076c380000, 0x00000007c0000000, 0x00000007c0000000)
  eden space 458240K, 0% used [0x000000076c380000,0x000000076c380000,0x0000000788300000)
  from space 457216K, 44% used [0x0000000788300000,0x00000007949fcf98,0x00000007a4180000)
  to   space 457216K, 0% used [0x00000007a4180000,0x00000007a4180000,0x00000007c0000000)
 ParOldGen       total 2057216K, used 1903787K [0x00000006c4a00000, 0x0000000742300000, 0x000000076c380000)
  object space 2057216K, 92% used [0x00000006c4a00000,0x0000000738d2ada8,0x0000000742300000)
 Metaspace       used 66927K, capacity 72844K, committed 83840K, reserved 1120256K
  class space    used 9191K, capacity 10211K, committed 12672K, reserved 1048576K
}
Event: 100.688 GC heap before
{Heap before GC invocations=46 (full 9):
 PSYoungGen      total 915456K, used 203763K [0x000000076c380000, 0x00000007c0000000, 0x00000007c0000000)
  eden space 458240K, 0% used [0x000000076c380000,0x000000076c380000,0x0000000788300000)
  from space 457216K, 44% used [0x0000000788300000,0x00000007949fcf98,0x00000007a4180000)
  to   space 457216K, 0% used [0x00000007a4180000,0x00000007a4180000,0x00000007c0000000)
 ParOldGen       total 2057216K, used 1903787K [0x00000006c4a00000, 0x0000000742300000, 0x000000076c380000)
  object space 2057216K, 92% used [0x00000006c4a00000,0x0000000738d2ada8,0x0000000742300000)
 Metaspace       used 66927K, capacity 72844K, committed 83840K, reserved 1120256K
  class space    used 9191K, capacity 10211K, committed 12672K, reserved 1048576K

